2026-06-17 00:20:41,643 [INFO] === Starting options chain download for 2026-06-17 (2 tickers) ===
2026-06-17 00:20:41,686 [INFO] Fetching SPY ...
2026-06-17 00:20:51,307 [INFO] SPY: 801 rows saved (2 expirations)
2026-06-17 00:20:52,809 [INFO] Fetching AAPL ...
2026-06-17 00:20:54,208 [INFO] AAPL: 290 rows saved (2 expirations)
2026-06-17 00:20:55,710 [INFO] === Done. 1091 total rows saved. Failures: none ===
2026-06-17 04:36:15,111 [INFO] === Starting options chain download for 2026-06-17 (18 tickers) ===
2026-06-17 04:36:15,112 [INFO] Fetching ^SPX ...
2026-06-17 04:36:18,105 [INFO] ^SPX: 3046 rows saved (6 expirations)
2026-06-17 04:36:19,605 [INFO] Fetching ^NDX ...
2026-06-17 04:36:22,354 [INFO] ^NDX: 1979 rows saved (6 expirations)
2026-06-17 04:36:23,854 [INFO] Fetching ^RUT ...
2026-06-17 04:36:26,666 [INFO] ^RUT: 1301 rows saved (6 expirations)
2026-06-17 04:36:28,166 [INFO] Fetching ^DJI ...
2026-06-17 04:36:28,229 [WARNING] No options listed for ^DJI
2026-06-17 04:36:28,230 [WARNING] ^DJI: no data returned
2026-06-17 04:36:29,730 [INFO] SPY: already have today's data, skipping
2026-06-17 04:36:29,730 [INFO] Fetching QQQ ...
2026-06-17 04:36:32,724 [INFO] QQQ: 1906 rows saved (6 expirations)
2026-06-17 04:36:34,224 [INFO] Fetching IWM ...
2026-06-17 04:36:34,819 [WARNING] Failed expiration 2026-06-17 for IWM: Expecting value: line 1 column 1 (char 0)
2026-06-17 04:36:36,711 [INFO] IWM: 756 rows saved (5 expirations)
2026-06-17 04:36:38,212 [INFO] Fetching DIA ...
2026-06-17 04:36:41,416 [INFO] DIA: 1043 rows saved (6 expirations)
2026-06-17 04:36:42,916 [INFO] AAPL: already have today's data, skipping
2026-06-17 04:36:42,916 [INFO] Fetching MSFT ...
2026-06-17 04:36:45,744 [INFO] MSFT: 806 rows saved (6 expirations)
2026-06-17 04:36:47,245 [INFO] Fetching GOOGL ...
2026-06-17 04:36:49,941 [INFO] GOOGL: 758 rows saved (6 expirations)
2026-06-17 04:36:51,441 [INFO] Fetching AMZN ...
2026-06-17 04:36:53,946 [INFO] AMZN: 524 rows saved (6 expirations)
2026-06-17 04:36:55,447 [INFO] Fetching NVDA ...
2026-06-17 04:36:58,130 [INFO] NVDA: 1278 rows saved (6 expirations)
2026-06-17 04:36:59,631 [INFO] Fetching META ...
2026-06-17 04:37:02,353 [INFO] META: 1342 rows saved (6 expirations)
2026-06-17 04:37:03,854 [INFO] Fetching TSLA ...
2026-06-17 04:37:06,738 [INFO] TSLA: 1352 rows saved (6 expirations)
2026-06-17 04:37:08,238 [INFO] Fetching BRK-B ...
2026-06-17 04:37:10,840 [INFO] BRK-B: 502 rows saved (6 expirations)
2026-06-17 04:37:12,340 [INFO] Fetching AVGO ...
2026-06-17 04:37:15,061 [INFO] AVGO: 1021 rows saved (6 expirations)
2026-06-17 04:37:16,562 [INFO] Fetching LLY ...
2026-06-17 04:37:19,617 [INFO] LLY: 1209 rows saved (6 expirations)
2026-06-17 04:37:21,118 [INFO] === Done. 18823 total rows saved. Failures: ^DJI ===
2026-06-17 21:40:22,622 [INFO] === Starting options chain download for 2026-06-17 (18 tickers) ===
2026-06-17 21:40:22,622 [INFO] ^SPX: already have today's data, skipping
2026-06-17 21:40:22,622 [INFO] ^NDX: already have today's data, skipping
2026-06-17 21:40:22,623 [INFO] ^RUT: already have today's data, skipping
2026-06-17 21:40:22,623 [INFO] Fetching ^DJI ...
2026-06-17 21:40:22,907 [WARNING] No options listed for ^DJI
2026-06-17 21:40:22,907 [WARNING] ^DJI: no data returned
2026-06-17 21:40:24,407 [INFO] SPY: already have today's data, skipping
2026-06-17 21:40:24,408 [INFO] QQQ: already have today's data, skipping
2026-06-17 21:40:24,408 [INFO] IWM: already have today's data, skipping
2026-06-17 21:40:24,408 [INFO] DIA: already have today's data, skipping
2026-06-17 21:40:24,408 [INFO] AAPL: already have today's data, skipping
2026-06-17 21:40:24,408 [INFO] MSFT: already have today's data, skipping
2026-06-17 21:40:24,408 [INFO] GOOGL: already have today's data, skipping
2026-06-17 21:40:24,408 [INFO] AMZN: already have today's data, skipping
2026-06-17 21:40:24,408 [INFO] NVDA: already have today's data, skipping
2026-06-17 21:40:24,408 [INFO] META: already have today's data, skipping
2026-06-17 21:40:24,408 [INFO] TSLA: already have today's data, skipping
2026-06-17 21:40:24,408 [INFO] BRK-B: already have today's data, skipping
2026-06-17 21:40:24,409 [INFO] AVGO: already have today's data, skipping
2026-06-17 21:40:24,409 [INFO] LLY: already have today's data, skipping
2026-06-17 21:40:24,409 [INFO] === Done. 0 total rows saved. Failures: ^DJI ===
2026-06-18 17:49:40,298 [INFO] === Starting options chain download for 2026-06-18 (18 tickers) ===
2026-06-18 17:49:40,298 [INFO] Fetching ^SPX ...
2026-06-18 17:49:43,495 [INFO] ^SPX: 3110 rows saved (6 expirations)
2026-06-18 17:49:44,996 [INFO] Fetching ^NDX ...
2026-06-18 17:49:47,701 [INFO] ^NDX: 1706 rows saved (6 expirations)
2026-06-18 17:49:49,202 [INFO] Fetching ^RUT ...
2026-06-18 17:49:51,881 [INFO] ^RUT: 1407 rows saved (6 expirations)
2026-06-18 17:49:53,381 [INFO] Fetching ^DJI ...
2026-06-18 17:49:53,455 [WARNING] No options listed for ^DJI
2026-06-18 17:49:53,455 [WARNING] ^DJI: no data returned
2026-06-18 17:49:54,956 [INFO] Fetching SPY ...
2026-06-18 17:49:57,738 [INFO] SPY: 1694 rows saved (6 expirations)
2026-06-18 17:49:59,238 [INFO] Fetching QQQ ...
2026-06-18 17:50:02,005 [INFO] QQQ: 1923 rows saved (6 expirations)
2026-06-18 17:50:03,506 [INFO] Fetching IWM ...
2026-06-18 17:50:06,119 [INFO] IWM: 928 rows saved (6 expirations)
2026-06-18 17:50:07,619 [INFO] Fetching DIA ...
2026-06-18 17:50:10,192 [INFO] DIA: 1043 rows saved (6 expirations)
2026-06-18 17:50:11,692 [INFO] Fetching AAPL ...
2026-06-18 17:50:14,294 [INFO] AAPL: 619 rows saved (6 expirations)
2026-06-18 17:50:15,795 [INFO] Fetching MSFT ...
2026-06-18 17:50:18,360 [INFO] MSFT: 795 rows saved (6 expirations)
2026-06-18 17:50:19,861 [INFO] Fetching GOOGL ...
2026-06-18 17:50:22,406 [INFO] GOOGL: 816 rows saved (6 expirations)
2026-06-18 17:50:23,906 [INFO] Fetching AMZN ...
2026-06-18 17:50:26,419 [INFO] AMZN: 540 rows saved (6 expirations)
2026-06-18 17:50:27,920 [INFO] Fetching NVDA ...
2026-06-18 17:50:30,637 [INFO] NVDA: 1305 rows saved (6 expirations)
2026-06-18 17:50:32,137 [INFO] Fetching META ...
2026-06-18 17:50:34,637 [INFO] META: 1358 rows saved (6 expirations)
2026-06-18 17:50:36,138 [INFO] Fetching TSLA ...
2026-06-18 17:50:38,678 [INFO] TSLA: 1344 rows saved (6 expirations)
2026-06-18 17:50:40,179 [INFO] Fetching BRK-B ...
2026-06-18 17:50:42,644 [INFO] BRK-B: 502 rows saved (6 expirations)
2026-06-18 17:50:44,145 [INFO] Fetching AVGO ...
2026-06-18 17:50:46,787 [INFO] AVGO: 955 rows saved (6 expirations)
2026-06-18 17:50:48,287 [INFO] Fetching LLY ...
2026-06-18 17:50:51,073 [INFO] LLY: 1209 rows saved (6 expirations)
2026-06-18 17:50:52,574 [INFO] === Done. 21254 total rows saved. Failures: ^DJI ===
2026-06-18 18:01:43,800 [INFO] === Starting options chain download for 2026-06-18 (18 tickers) ===
2026-06-18 18:01:43,807 [INFO] Fetching ^SPX ...
2026-06-18 18:01:47,772 [INFO] ^SPX: 3110 rows saved (6 expirations)
2026-06-18 18:01:49,272 [INFO] Fetching ^NDX ...
2026-06-18 18:01:52,383 [INFO] ^NDX: 1706 rows saved (6 expirations)
2026-06-18 18:01:53,883 [INFO] Fetching ^RUT ...
2026-06-18 18:01:56,923 [INFO] ^RUT: 1407 rows saved (6 expirations)
2026-06-18 18:01:58,423 [INFO] Fetching ^DJI ...
2026-06-18 18:01:58,505 [WARNING] No options listed for ^DJI
2026-06-18 18:01:58,506 [WARNING] ^DJI: no data returned
2026-06-18 18:02:00,006 [INFO] Fetching SPY ...
2026-06-18 18:02:03,044 [INFO] SPY: 1694 rows saved (6 expirations)
2026-06-18 18:02:04,545 [INFO] Fetching QQQ ...
2026-06-18 18:02:07,727 [INFO] QQQ: 1923 rows saved (6 expirations)
2026-06-18 18:02:09,228 [INFO] Fetching IWM ...
2026-06-18 18:02:12,157 [INFO] IWM: 928 rows saved (6 expirations)
2026-06-18 18:02:13,657 [INFO] Fetching DIA ...
2026-06-18 18:02:16,693 [INFO] DIA: 1043 rows saved (6 expirations)
2026-06-18 18:02:18,194 [INFO] Fetching AAPL ...
2026-06-18 18:02:21,210 [INFO] AAPL: 619 rows saved (6 expirations)
2026-06-18 18:02:22,710 [INFO] Fetching MSFT ...
2026-06-18 18:02:25,660 [INFO] MSFT: 795 rows saved (6 expirations)
2026-06-18 18:02:27,160 [INFO] Fetching GOOGL ...
2026-06-18 18:02:30,163 [INFO] GOOGL: 816 rows saved (6 expirations)
2026-06-18 18:02:31,663 [INFO] Fetching AMZN ...
2026-06-18 18:02:34,443 [INFO] AMZN: 540 rows saved (6 expirations)
2026-06-18 18:02:35,943 [INFO] Fetching NVDA ...
2026-06-18 18:02:38,992 [INFO] NVDA: 1305 rows saved (6 expirations)
2026-06-18 18:02:40,493 [INFO] Fetching META ...
2026-06-18 18:02:43,548 [INFO] META: 1358 rows saved (6 expirations)
2026-06-18 18:02:45,048 [INFO] Fetching TSLA ...
2026-06-18 18:02:48,139 [INFO] TSLA: 1344 rows saved (6 expirations)
2026-06-18 18:02:49,639 [INFO] Fetching BRK-B ...
2026-06-18 18:02:52,456 [INFO] BRK-B: 502 rows saved (6 expirations)
2026-06-18 18:02:53,957 [INFO] Fetching AVGO ...
2026-06-18 18:02:56,954 [INFO] AVGO: 955 rows saved (6 expirations)
2026-06-18 18:02:58,455 [INFO] Fetching LLY ...
2026-06-18 18:03:01,566 [INFO] LLY: 1209 rows saved (6 expirations)
2026-06-18 18:03:03,067 [INFO] === Done. 21254 total rows saved. Failures: ^DJI ===
2026-06-18 21:43:21,526 [INFO] === Starting options chain download for 2026-06-18 (18 tickers) ===
2026-06-18 21:43:21,527 [INFO] ^SPX: already have today's data, skipping
2026-06-18 21:43:21,527 [INFO] ^NDX: already have today's data, skipping
2026-06-18 21:43:21,527 [INFO] ^RUT: already have today's data, skipping
2026-06-18 21:43:21,528 [INFO] Fetching ^DJI ...
2026-06-18 21:43:21,761 [WARNING] No options listed for ^DJI
2026-06-18 21:43:21,761 [WARNING] ^DJI: no data returned
2026-06-18 21:43:23,262 [INFO] SPY: already have today's data, skipping
2026-06-18 21:43:23,262 [INFO] QQQ: already have today's data, skipping
2026-06-18 21:43:23,262 [INFO] IWM: already have today's data, skipping
2026-06-18 21:43:23,262 [INFO] DIA: already have today's data, skipping
2026-06-18 21:43:23,262 [INFO] AAPL: already have today's data, skipping
2026-06-18 21:43:23,262 [INFO] MSFT: already have today's data, skipping
2026-06-18 21:43:23,262 [INFO] GOOGL: already have today's data, skipping
2026-06-18 21:43:23,262 [INFO] AMZN: already have today's data, skipping
2026-06-18 21:43:23,263 [INFO] NVDA: already have today's data, skipping
2026-06-18 21:43:23,263 [INFO] META: already have today's data, skipping
2026-06-18 21:43:23,263 [INFO] TSLA: already have today's data, skipping
2026-06-18 21:43:23,263 [INFO] BRK-B: already have today's data, skipping
2026-06-18 21:43:23,263 [INFO] AVGO: already have today's data, skipping
2026-06-18 21:43:23,263 [INFO] LLY: already have today's data, skipping
2026-06-18 21:43:23,263 [INFO] === Done. 0 total rows saved. Failures: ^DJI ===
2026-06-19 21:27:08,256 [INFO] === Starting options chain download for 2026-06-19 (18 tickers) ===
2026-06-19 21:27:08,262 [INFO] Fetching ^SPX ...
2026-06-19 21:27:10,982 [INFO] ^SPX: 2263 rows saved (6 expirations)
2026-06-19 21:27:12,483 [INFO] Fetching ^NDX ...
2026-06-19 21:27:15,002 [INFO] ^NDX: 839 rows saved (6 expirations)
2026-06-19 21:27:16,502 [INFO] Fetching ^RUT ...
2026-06-19 21:27:19,139 [INFO] ^RUT: 1021 rows saved (6 expirations)
2026-06-19 21:27:20,639 [INFO] Fetching ^DJI ...
2026-06-19 21:27:20,687 [WARNING] No options listed for ^DJI
2026-06-19 21:27:20,687 [WARNING] ^DJI: no data returned
2026-06-19 21:27:22,187 [INFO] Fetching SPY ...
2026-06-19 21:27:24,774 [INFO] SPY: 1309 rows saved (6 expirations)
2026-06-19 21:27:26,274 [INFO] Fetching QQQ ...
2026-06-19 21:27:28,848 [INFO] QQQ: 1365 rows saved (6 expirations)
2026-06-19 21:27:30,349 [INFO] Fetching IWM ...
2026-06-19 21:27:32,802 [INFO] IWM: 696 rows saved (6 expirations)
2026-06-19 21:27:34,303 [INFO] Fetching DIA ...
2026-06-19 21:27:36,872 [INFO] DIA: 860 rows saved (6 expirations)
2026-06-19 21:27:38,372 [INFO] Fetching AAPL ...
2026-06-19 21:27:40,888 [INFO] AAPL: 496 rows saved (6 expirations)
2026-06-19 21:27:42,388 [INFO] Fetching MSFT ...
2026-06-19 21:27:44,847 [INFO] MSFT: 637 rows saved (6 expirations)
2026-06-19 21:27:46,347 [INFO] Fetching GOOGL ...
2026-06-19 21:27:48,764 [INFO] GOOGL: 665 rows saved (6 expirations)
2026-06-19 21:27:50,264 [INFO] Fetching AMZN ...
2026-06-19 21:27:52,706 [INFO] AMZN: 456 rows saved (6 expirations)
2026-06-19 21:27:54,207 [INFO] Fetching NVDA ...
2026-06-19 21:27:56,660 [INFO] NVDA: 621 rows saved (6 expirations)
2026-06-19 21:27:58,160 [INFO] Fetching META ...
2026-06-19 21:28:00,715 [INFO] META: 1085 rows saved (6 expirations)
2026-06-19 21:28:02,215 [INFO] Fetching TSLA ...
2026-06-19 21:28:04,647 [INFO] TSLA: 1098 rows saved (6 expirations)
2026-06-19 21:28:06,148 [INFO] Fetching BRK-B ...
2026-06-19 21:28:08,672 [INFO] BRK-B: 379 rows saved (6 expirations)
2026-06-19 21:28:10,172 [INFO] Fetching AVGO ...
2026-06-19 21:28:12,723 [INFO] AVGO: 848 rows saved (6 expirations)
2026-06-19 21:28:14,224 [INFO] Fetching LLY ...
2026-06-19 21:28:16,849 [INFO] LLY: 1007 rows saved (6 expirations)
2026-06-19 21:28:18,350 [INFO] === Done. 15645 total rows saved. Failures: ^DJI ===
2026-06-22 21:43:30,772 [INFO] === Starting options chain download for 2026-06-22 (18 tickers) ===
2026-06-22 21:43:30,780 [INFO] Fetching ^SPX ...
2026-06-22 21:43:34,390 [INFO] ^SPX: 2397 rows saved (6 expirations)
2026-06-22 21:43:35,890 [INFO] Fetching ^NDX ...
2026-06-22 21:43:38,915 [INFO] ^NDX: 1472 rows saved (6 expirations)
2026-06-22 21:43:40,415 [INFO] Fetching ^RUT ...
2026-06-22 21:43:43,221 [INFO] ^RUT: 1112 rows saved (6 expirations)
2026-06-22 21:43:44,721 [INFO] Fetching ^DJI ...
2026-06-22 21:43:44,855 [WARNING] No options listed for ^DJI
2026-06-22 21:43:44,856 [WARNING] ^DJI: no data returned
2026-06-22 21:43:46,356 [INFO] Fetching SPY ...
2026-06-22 21:43:49,466 [INFO] SPY: 1511 rows saved (6 expirations)
2026-06-22 21:43:50,966 [INFO] Fetching QQQ ...
2026-06-22 21:43:54,031 [INFO] QQQ: 1486 rows saved (6 expirations)
2026-06-22 21:43:55,531 [INFO] Fetching IWM ...
2026-06-22 21:43:58,430 [INFO] IWM: 807 rows saved (6 expirations)
2026-06-22 21:43:59,930 [INFO] Fetching DIA ...
2026-06-22 21:44:02,831 [INFO] DIA: 917 rows saved (6 expirations)
2026-06-22 21:44:04,332 [INFO] Fetching AAPL ...
2026-06-22 21:44:07,200 [INFO] AAPL: 498 rows saved (6 expirations)
2026-06-22 21:44:08,700 [INFO] Fetching MSFT ...
2026-06-22 21:44:11,525 [INFO] MSFT: 652 rows saved (6 expirations)
2026-06-22 21:44:13,025 [INFO] Fetching GOOGL ...
2026-06-22 21:44:15,850 [INFO] GOOGL: 651 rows saved (6 expirations)
2026-06-22 21:44:17,351 [INFO] Fetching AMZN ...
2026-06-22 21:44:20,162 [INFO] AMZN: 485 rows saved (6 expirations)
2026-06-22 21:44:21,663 [INFO] Fetching NVDA ...
2026-06-22 21:44:24,545 [INFO] NVDA: 605 rows saved (6 expirations)
2026-06-22 21:44:26,045 [INFO] Fetching META ...
2026-06-22 21:44:28,904 [INFO] META: 1071 rows saved (6 expirations)
2026-06-22 21:44:30,405 [INFO] Fetching TSLA ...
2026-06-22 21:44:33,308 [INFO] TSLA: 1146 rows saved (6 expirations)
2026-06-22 21:44:34,808 [INFO] Fetching BRK-B ...
2026-06-22 21:44:37,468 [INFO] BRK-B: 411 rows saved (6 expirations)
2026-06-22 21:44:38,968 [INFO] Fetching AVGO ...
2026-06-22 21:44:41,779 [INFO] AVGO: 900 rows saved (6 expirations)
2026-06-22 21:44:43,280 [INFO] Fetching LLY ...
2026-06-22 21:44:46,226 [INFO] LLY: 1055 rows saved (6 expirations)
2026-06-22 21:44:47,727 [INFO] === Done. 17176 total rows saved. Failures: ^DJI ===
2026-06-23 21:34:35,408 [INFO] === Starting options chain download for 2026-06-23 (18 tickers) ===
2026-06-23 21:34:35,418 [INFO] Fetching ^SPX ...
2026-06-23 21:34:38,683 [INFO] ^SPX: 3024 rows saved (6 expirations)
2026-06-23 21:34:40,184 [INFO] Fetching ^NDX ...
2026-06-23 21:34:42,744 [INFO] ^NDX: 1266 rows saved (6 expirations)
2026-06-23 21:34:44,244 [INFO] Fetching ^RUT ...
2026-06-23 21:34:46,914 [INFO] ^RUT: 1305 rows saved (6 expirations)
2026-06-23 21:34:48,414 [INFO] Fetching ^DJI ...
2026-06-23 21:34:48,471 [WARNING] No options listed for ^DJI
2026-06-23 21:34:48,471 [WARNING] ^DJI: no data returned
2026-06-23 21:34:49,971 [INFO] Fetching SPY ...
2026-06-23 21:34:52,685 [INFO] SPY: 1885 rows saved (6 expirations)
2026-06-23 21:34:54,185 [INFO] Fetching QQQ ...
2026-06-23 21:34:56,915 [INFO] QQQ: 1891 rows saved (6 expirations)
2026-06-23 21:34:58,415 [INFO] Fetching IWM ...
2026-06-23 21:35:00,958 [INFO] IWM: 916 rows saved (6 expirations)
2026-06-23 21:35:02,458 [INFO] Fetching DIA ...
2026-06-23 21:35:05,065 [INFO] DIA: 917 rows saved (6 expirations)
2026-06-23 21:35:06,566 [INFO] Fetching AAPL ...
2026-06-23 21:35:09,159 [INFO] AAPL: 496 rows saved (6 expirations)
2026-06-23 21:35:10,660 [INFO] Fetching MSFT ...
2026-06-23 21:35:13,174 [INFO] MSFT: 628 rows saved (6 expirations)
2026-06-23 21:35:14,674 [INFO] Fetching GOOGL ...
2026-06-23 21:35:17,294 [INFO] GOOGL: 686 rows saved (6 expirations)
2026-06-23 21:35:18,795 [INFO] Fetching AMZN ...
2026-06-23 21:35:21,327 [INFO] AMZN: 474 rows saved (6 expirations)
2026-06-23 21:35:22,828 [INFO] Fetching NVDA ...
2026-06-23 21:35:25,771 [INFO] NVDA: 613 rows saved (6 expirations)
2026-06-23 21:35:27,271 [INFO] Fetching META ...
2026-06-23 21:35:30,393 [INFO] META: 1105 rows saved (6 expirations)
2026-06-23 21:35:31,893 [INFO] Fetching TSLA ...
2026-06-23 21:35:34,400 [INFO] TSLA: 1120 rows saved (6 expirations)
2026-06-23 21:35:35,900 [INFO] Fetching BRK-B ...
2026-06-23 21:35:38,435 [INFO] BRK-B: 411 rows saved (6 expirations)
2026-06-23 21:35:39,935 [INFO] Fetching AVGO ...
2026-06-23 21:35:42,564 [INFO] AVGO: 894 rows saved (6 expirations)
2026-06-23 21:35:44,064 [INFO] Fetching LLY ...
2026-06-23 21:35:46,829 [INFO] LLY: 1055 rows saved (6 expirations)
2026-06-23 21:35:48,330 [INFO] === Done. 18686 total rows saved. Failures: ^DJI ===
2026-06-24 21:32:19,006 [INFO] === Starting options chain download for 2026-06-24 (18 tickers) ===
2026-06-24 21:32:19,015 [INFO] Fetching ^SPX ...
2026-06-24 21:32:21,932 [INFO] ^SPX: 2972 rows saved (6 expirations)
2026-06-24 21:32:23,433 [INFO] Fetching ^NDX ...
2026-06-24 21:32:26,056 [INFO] ^NDX: 1024 rows saved (6 expirations)
2026-06-24 21:32:27,556 [INFO] Fetching ^RUT ...
2026-06-24 21:32:30,078 [INFO] ^RUT: 1234 rows saved (6 expirations)
2026-06-24 21:32:31,578 [INFO] Fetching ^DJI ...
2026-06-24 21:32:31,625 [WARNING] No options listed for ^DJI
2026-06-24 21:32:31,625 [WARNING] ^DJI: no data returned
2026-06-24 21:32:33,125 [INFO] Fetching SPY ...
2026-06-24 21:32:35,836 [INFO] SPY: 1789 rows saved (6 expirations)
2026-06-24 21:32:37,337 [INFO] Fetching QQQ ...
2026-06-24 21:32:40,114 [INFO] QQQ: 1797 rows saved (6 expirations)
2026-06-24 21:32:41,614 [INFO] Fetching IWM ...
2026-06-24 21:32:44,172 [INFO] IWM: 854 rows saved (6 expirations)
2026-06-24 21:32:45,673 [INFO] Fetching DIA ...
2026-06-24 21:32:48,361 [INFO] DIA: 917 rows saved (6 expirations)
2026-06-24 21:32:49,862 [INFO] Fetching AAPL ...
2026-06-24 21:32:52,407 [INFO] AAPL: 496 rows saved (6 expirations)
2026-06-24 21:32:53,908 [INFO] Fetching MSFT ...
2026-06-24 21:32:56,455 [INFO] MSFT: 628 rows saved (6 expirations)
2026-06-24 21:32:57,955 [INFO] Fetching GOOGL ...
2026-06-24 21:33:00,400 [INFO] GOOGL: 686 rows saved (6 expirations)
2026-06-24 21:33:01,900 [INFO] Fetching AMZN ...
2026-06-24 21:33:04,372 [INFO] AMZN: 474 rows saved (6 expirations)
2026-06-24 21:33:05,872 [INFO] Fetching NVDA ...
2026-06-24 21:33:08,426 [INFO] NVDA: 613 rows saved (6 expirations)
2026-06-24 21:33:09,927 [INFO] Fetching META ...
2026-06-24 21:33:12,491 [INFO] META: 1105 rows saved (6 expirations)
2026-06-24 21:33:13,991 [INFO] Fetching TSLA ...
2026-06-24 21:33:16,603 [INFO] TSLA: 1120 rows saved (6 expirations)
2026-06-24 21:33:18,104 [INFO] Fetching BRK-B ...
2026-06-24 21:33:20,766 [INFO] BRK-B: 411 rows saved (6 expirations)
2026-06-24 21:33:22,267 [INFO] Fetching AVGO ...
2026-06-24 21:33:24,946 [INFO] AVGO: 894 rows saved (6 expirations)
2026-06-24 21:33:26,446 [INFO] Fetching LLY ...
2026-06-24 21:33:29,124 [INFO] LLY: 1055 rows saved (6 expirations)
2026-06-24 21:33:30,625 [INFO] === Done. 18069 total rows saved. Failures: ^DJI ===
